<?xml version="1.0" encoding="utf-8"?>
<coverage line-rate="0.9411" branch-rate="0.6704000000000001" version="1.9" timestamp="1763529670" lines-covered="224" lines-valid="238" branches-covered="59" branches-valid="88">
  <sources>
    <source>/app/src/Challenge.Web/</source>
  </sources>
  <packages>
    <package name="Challenge.Web" line-rate="0.9411" branch-rate="0.6704000000000001" complexity="104">
      <classes>
        <class name="Challenge.Services.CnabImporter" filename="Services/CnabImporter.cs" line-rate="1" branch-rate="1" complexity="1">
          <methods>
            <method name=".ctor" signature="(Challenge.Data.ApplicationDbContext,Microsoft.Extensions.Logging.ILogger`1&lt;Challenge.Services.CnabImporter&gt;)" line-rate="1" branch-rate="1" complexity="1">
              <lines>
                <line number="12" hits="35" branch="False" />
                <line number="13" hits="35" branch="False" />
                <line number="14" hits="35" branch="False" />
                <line number="15" hits="35" branch="False" />
                <line number="16" hits="35" branch="False" />
              </lines>
            </method>
          </methods>
          <lines>
            <line number="12" hits="35" branch="False" />
            <line number="13" hits="35" branch="False" />
            <line number="14" hits="35" branch="False" />
            <line number="15" hits="35" branch="False" />
            <line number="16" hits="35" branch="False" />
          </lines>
        </class>
        <class name="Challenge.Services.CnabParser" filename="Services/CnabParser.cs" line-rate="0.9609000000000001" branch-rate="0.7284999999999999" complexity="71">
          <methods>
            <method name="Parse" signature="(System.IO.Stream)" line-rate="1" branch-rate="1" complexity="1">
              <lines>
                <line number="13" hits="62" branch="False" />
                <line number="14" hits="62" branch="False" />
                <line number="15" hits="62" branch="False" />
                <line number="16" hits="62" branch="False" />
              </lines>
            </method>
            <method name="ParseFile" signature="(System.IO.Stream)" line-rate="1" branch-rate="1" complexity="6">
              <lines>
                <line number="19" hits="62" branch="False" />
                <line number="20" hits="62" branch="False" />
                <line number="21" hits="62" branch="False" />
                <line number="23" hits="62" branch="False" />
                <line number="25" hits="62" branch="False" />
                <line number="27" hits="161" branch="True" condition-coverage="100% (2/2)">
                  <conditions>
                    <condition number="394" type="jump" coverage="100%" />
                  </conditions>
                </line>
                <line number="28" hits="99" branch="False" />
                <line number="29" hits="99" branch="False" />
                <line number="30" hits="99" branch="False" />
                <line number="32" hits="99" branch="True" condition-coverage="100% (2/2)">
                  <conditions>
                    <condition number="73" type="jump" coverage="100%" />
                  </conditions>
                </line>
                <line number="33" hits="3" branch="False" />
                <line number="36" hits="96" branch="False" />
                <line number="37" hits="96" branch="False" />
                <line number="38" hits="72" branch="False" />
                <line number="40" hits="72" branch="True" condition-coverage="100% (2/2)">
                  <conditions>
                    <condition number="115" type="jump" coverage="100%" />
                  </conditions>
                </line>
                <line number="41" hits="42" branch="False" />
                <line number="42" hits="42" branch="False" />
                <line number="43" hits="42" branch="False" />
                <line number="44" hits="42" branch="False" />
                <line number="45" hits="42" branch="False" />
                <line number="46" hits="42" branch="False" />
                <line number="47" hits="42" branch="False" />
                <line number="48" hits="42" branch="False" />
                <line number="50" hits="72" branch="False" />
                <line number="51" hits="72" branch="False" />
                <line number="52" hits="72" branch="False" />
                <line number="53" hits="72" branch="False" />
                <line number="54" hits="72" branch="False" />
                <line number="55" hits="72" branch="False" />
                <line number="56" hits="72" branch="False" />
                <line number="57" hits="72" branch="False" />
                <line number="58" hits="72" branch="False" />
                <line number="59" hits="72" branch="False" />
                <line number="60" hits="72" branch="False" />
                <line number="61" hits="24" branch="False" />
                <line number="62" hits="24" branch="False" />
                <line number="63" hits="24" branch="False" />
                <line number="64" hits="24" branch="False" />
                <line number="65" hits="96" branch="False" />
                <line number="67" hits="62" branch="False" />
                <line number="68" hits="62" branch="False" />
                <line number="69" hits="62" branch="False" />
                <line number="70" hits="62" branch="False" />
                <line number="71" hits="62" branch="False" />
                <line number="72" hits="62" branch="False" />
              </lines>
            </method>
            <method name="ParseLine" signature="(System.String)" line-rate="0.9695999999999999" branch-rate="0.7222" complexity="54">
              <lines>
                <line number="75" hits="96" branch="False" />
                <line number="76" hits="96" branch="False" />
                <line number="78" hits="96" branch="True" condition-coverage="100% (2/2)">
                  <conditions>
                    <condition number="23" type="jump" coverage="100%" />
                  </conditions>
                </line>
                <line number="79" hits="1" branch="False" />
                <line number="80" hits="1" branch="False" />
                <line number="84" hits="95" branch="True" condition-coverage="100% (2/2)">
                  <conditions>
                    <condition number="112" type="jump" coverage="100%" />
                  </conditions>
                </line>
                <line number="86" hits="95" branch="False" />
                <line number="87" hits="95" branch="False" />
                <line number="88" hits="95" branch="True" condition-coverage="50% (2/4)">
                  <conditions>
                    <condition number="150" type="jump" coverage="50%" />
                    <condition number="162" type="jump" coverage="50%" />
                  </conditions>
                </line>
                <line number="89" hits="95" branch="True" condition-coverage="50% (2/4)">
                  <conditions>
                    <condition number="183" type="jump" coverage="50%" />
                    <condition number="195" type="jump" coverage="50%" />
                  </conditions>
                </line>
                <line number="90" hits="95" branch="False" />
                <line number="93" hits="95" branch="False" />
                <line number="94" hits="95" branch="False" />
                <line number="96" hits="95" branch="False" />
                <line number="97" hits="95" branch="False" />
                <line number="102" hits="95" branch="True" condition-coverage="100% (2/2)">
                  <conditions>
                    <condition number="266" type="jump" coverage="100%" />
                  </conditions>
                </line>
                <line number="103" hits="3" branch="False" />
                <line number="104" hits="3" branch="True" condition-coverage="50% (2/4)">
                  <conditions>
                    <condition number="286" type="jump" coverage="50%" />
                    <condition number="298" type="jump" coverage="50%" />
                  </conditions>
                </line>
                <line number="105" hits="3" branch="False" />
                <line number="106" hits="3" branch="False" />
                <line number="108" hits="92" branch="False" />
                <line number="109" hits="92" branch="True" condition-coverage="50% (2/4)">
                  <conditions>
                    <condition number="330" type="jump" coverage="50%" />
                    <condition number="342" type="jump" coverage="50%" />
                  </conditions>
                </line>
                <line number="110" hits="92" branch="True" condition-coverage="50% (2/4)">
                  <conditions>
                    <condition number="363" type="jump" coverage="50%" />
                    <condition number="375" type="jump" coverage="50%" />
                  </conditions>
                </line>
                <line number="111" hits="92" branch="False" />
                <line number="113" hits="95" branch="True" condition-coverage="100% (2/2)">
                  <conditions>
                    <condition number="404" type="jump" coverage="100%" />
                  </conditions>
                </line>
                <line number="114" hits="10" branch="False" />
                <line number="115" hits="10" branch="False" />
                <line number="119" hits="85" branch="True" condition-coverage="100% (2/2)">
                  <conditions>
                    <condition number="474" type="jump" coverage="100%" />
                  </conditions>
                </line>
                <line number="120" hits="4" branch="False" />
                <line number="121" hits="4" branch="False" />
                <line number="125" hits="81" branch="True" condition-coverage="100% (2/2)">
                  <conditions>
                    <condition number="509" type="jump" coverage="100%" />
                  </conditions>
                </line>
                <line number="126" hits="3" branch="False" />
                <line number="127" hits="3" branch="False" />
                <line number="129" hits="78" branch="False" />
                <line number="132" hits="78" branch="True" condition-coverage="50% (2/4)">
                  <conditions>
                    <condition number="547" type="jump" coverage="50%" />
                    <condition number="566" type="jump" coverage="50%" />
                  </conditions>
                </line>
                <line number="133" hits="0" branch="False" />
                <line number="134" hits="0" branch="False" />
                <line number="137" hits="78" branch="True" condition-coverage="100% (6/6)">
                  <conditions>
                    <condition number="603" type="jump" coverage="100%" />
                    <condition number="621" type="jump" coverage="100%" />
                    <condition number="649" type="jump" coverage="100%" />
                  </conditions>
                </line>
                <line number="138" hits="78" branch="False" />
                <line number="139" hits="78" branch="False" />
                <line number="140" hits="3" branch="False" />
                <line number="141" hits="3" branch="False" />
                <line number="145" hits="75" branch="True" condition-coverage="75% (3/4)">
                  <conditions>
                    <condition number="673" type="jump" coverage="50%" />
                    <condition number="688" type="jump" coverage="100%" />
                  </conditions>
                </line>
                <line number="146" hits="1" branch="False" />
                <line number="147" hits="1" branch="False" />
                <line number="149" hits="74" branch="True" condition-coverage="75% (3/4)">
                  <conditions>
                    <condition number="776" type="jump" coverage="50%" />
                    <condition number="791" type="jump" coverage="100%" />
                  </conditions>
                </line>
                <line number="150" hits="1" branch="False" />
                <line number="151" hits="1" branch="False" />
                <line number="153" hits="73" branch="True" condition-coverage="75% (3/4)">
                  <conditions>
                    <condition number="879" type="jump" coverage="50%" />
                    <condition number="894" type="jump" coverage="100%" />
                  </conditions>
                </line>
                <line number="154" hits="1" branch="False" />
                <line number="155" hits="1" branch="False" />
                <line number="158" hits="72" branch="False" />
                <line number="160" hits="72" branch="False" />
                <line number="162" hits="72" branch="False" />
                <line number="163" hits="72" branch="False" />
                <line number="164" hits="72" branch="False" />
                <line number="165" hits="72" branch="False" />
                <line number="166" hits="72" branch="False" />
                <line number="167" hits="72" branch="False" />
                <line number="168" hits="72" branch="False" />
                <line number="169" hits="72" branch="False" />
                <line number="170" hits="72" branch="False" />
                <line number="171" hits="72" branch="False" />
                <line number="172" hits="72" branch="False" />
                <line number="173" hits="72" branch="False" />
                <line number="174" hits="72" branch="False" />
              </lines>
            </method>
            <method name="SafeSlice" signature="(System.String,System.Int32,System.Int32)" line-rate="0.7692" branch-rate="0.6" complexity="10">
              <lines>
                <line number="177" hits="662" branch="False" />
                <line number="178" hits="662" branch="True" condition-coverage="50% (1/2)">
                  <conditions>
                    <condition number="9" type="jump" coverage="50%" />
                  </conditions>
                </line>
                <line number="179" hits="0" branch="False" />
                <line number="180" hits="662" branch="True" condition-coverage="75% (3/4)">
                  <conditions>
                    <condition number="21" type="jump" coverage="50%" />
                    <condition number="40" type="jump" coverage="100%" />
                  </conditions>
                </line>
                <line number="181" hits="1" branch="False" />
                <line number="182" hits="661" branch="True" condition-coverage="50% (1/2)">
                  <conditions>
                    <condition number="58" type="jump" coverage="50%" />
                  </conditions>
                </line>
                <line number="183" hits="0" branch="False" />
                <line number="185" hits="661" branch="False" />
                <line number="186" hits="661" branch="False" />
                <line number="187" hits="661" branch="True" condition-coverage="50% (1/2)">
                  <conditions>
                    <condition number="101" type="jump" coverage="50%" />
                  </conditions>
                </line>
                <line number="188" hits="0" branch="False" />
                <line number="189" hits="661" branch="False" />
                <line number="190" hits="662" branch="False" />
              </lines>
            </method>
          </methods>
          <lines>
            <line number="13" hits="62" branch="False" />
            <line number="14" hits="62" branch="False" />
            <line number="15" hits="62" branch="False" />
            <line number="16" hits="62" branch="False" />
            <line number="19" hits="62" branch="False" />
            <line number="20" hits="62" branch="False" />
            <line number="21" hits="62" branch="False" />
            <line number="23" hits="62" branch="False" />
            <line number="25" hits="62" branch="False" />
            <line number="27" hits="161" branch="True" condition-coverage="100% (2/2)">
              <conditions>
                <condition number="394" type="jump" coverage="100%" />
              </conditions>
            </line>
            <line number="28" hits="99" branch="False" />
            <line number="29" hits="99" branch="False" />
            <line number="30" hits="99" branch="False" />
            <line number="32" hits="99" branch="True" condition-coverage="100% (2/2)">
              <conditions>
                <condition number="73" type="jump" coverage="100%" />
              </conditions>
            </line>
            <line number="33" hits="3" branch="False" />
            <line number="36" hits="96" branch="False" />
            <line number="37" hits="96" branch="False" />
            <line number="38" hits="72" branch="False" />
            <line number="40" hits="72" branch="True" condition-coverage="100% (2/2)">
              <conditions>
                <condition number="115" type="jump" coverage="100%" />
              </conditions>
            </line>
            <line number="41" hits="42" branch="False" />
            <line number="42" hits="42" branch="False" />
            <line number="43" hits="42" branch="False" />
            <line number="44" hits="42" branch="False" />
            <line number="45" hits="42" branch="False" />
            <line number="46" hits="42" branch="False" />
            <line number="47" hits="42" branch="False" />
            <line number="48" hits="42" branch="False" />
            <line number="50" hits="72" branch="False" />
            <line number="51" hits="72" branch="False" />
            <line number="52" hits="72" branch="False" />
            <line number="53" hits="72" branch="False" />
            <line number="54" hits="72" branch="False" />
            <line number="55" hits="72" branch="False" />
            <line number="56" hits="72" branch="False" />
            <line number="57" hits="72" branch="False" />
            <line number="58" hits="72" branch="False" />
            <line number="59" hits="72" branch="False" />
            <line number="60" hits="72" branch="False" />
            <line number="61" hits="24" branch="False" />
            <line number="62" hits="24" branch="False" />
            <line number="63" hits="24" branch="False" />
            <line number="64" hits="24" branch="False" />
            <line number="65" hits="96" branch="False" />
            <line number="67" hits="62" branch="False" />
            <line number="68" hits="62" branch="False" />
            <line number="69" hits="62" branch="False" />
            <line number="70" hits="62" branch="False" />
            <line number="71" hits="62" branch="False" />
            <line number="72" hits="62" branch="False" />
            <line number="75" hits="96" branch="False" />
            <line number="76" hits="96" branch="False" />
            <line number="78" hits="96" branch="True" condition-coverage="100% (2/2)">
              <conditions>
                <condition number="23" type="jump" coverage="100%" />
              </conditions>
            </line>
            <line number="79" hits="1" branch="False" />
            <line number="80" hits="1" branch="False" />
            <line number="84" hits="95" branch="True" condition-coverage="100% (2/2)">
              <conditions>
                <condition number="112" type="jump" coverage="100%" />
              </conditions>
            </line>
            <line number="86" hits="95" branch="False" />
            <line number="87" hits="95" branch="False" />
            <line number="88" hits="95" branch="True" condition-coverage="50% (2/4)">
              <conditions>
                <condition number="150" type="jump" coverage="50%" />
                <condition number="162" type="jump" coverage="50%" />
              </conditions>
            </line>
            <line number="89" hits="95" branch="True" condition-coverage="50% (2/4)">
              <conditions>
                <condition number="183" type="jump" coverage="50%" />
                <condition number="195" type="jump" coverage="50%" />
              </conditions>
            </line>
            <line number="90" hits="95" branch="False" />
            <line number="93" hits="95" branch="False" />
            <line number="94" hits="95" branch="False" />
            <line number="96" hits="95" branch="False" />
            <line number="97" hits="95" branch="False" />
            <line number="102" hits="95" branch="True" condition-coverage="100% (2/2)">
              <conditions>
                <condition number="266" type="jump" coverage="100%" />
              </conditions>
            </line>
            <line number="103" hits="3" branch="False" />
            <line number="104" hits="3" branch="True" condition-coverage="50% (2/4)">
              <conditions>
                <condition number="286" type="jump" coverage="50%" />
                <condition number="298" type="jump" coverage="50%" />
              </conditions>
            </line>
            <line number="105" hits="3" branch="False" />
            <line number="106" hits="3" branch="False" />
            <line number="108" hits="92" branch="False" />
            <line number="109" hits="92" branch="True" condition-coverage="50% (2/4)">
              <conditions>
                <condition number="330" type="jump" coverage="50%" />
                <condition number="342" type="jump" coverage="50%" />
              </conditions>
            </line>
            <line number="110" hits="92" branch="True" condition-coverage="50% (2/4)">
              <conditions>
                <condition number="363" type="jump" coverage="50%" />
                <condition number="375" type="jump" coverage="50%" />
              </conditions>
            </line>
            <line number="111" hits="92" branch="False" />
            <line number="113" hits="95" branch="True" condition-coverage="100% (2/2)">
              <conditions>
                <condition number="404" type="jump" coverage="100%" />
              </conditions>
            </line>
            <line number="114" hits="10" branch="False" />
            <line number="115" hits="10" branch="False" />
            <line number="119" hits="85" branch="True" condition-coverage="100% (2/2)">
              <conditions>
                <condition number="474" type="jump" coverage="100%" />
              </conditions>
            </line>
            <line number="120" hits="4" branch="False" />
            <line number="121" hits="4" branch="False" />
            <line number="125" hits="81" branch="True" condition-coverage="100% (2/2)">
              <conditions>
                <condition number="509" type="jump" coverage="100%" />
              </conditions>
            </line>
            <line number="126" hits="3" branch="False" />
            <line number="127" hits="3" branch="False" />
            <line number="129" hits="78" branch="False" />
            <line number="132" hits="78" branch="True" condition-coverage="50% (2/4)">
              <conditions>
                <condition number="547" type="jump" coverage="50%" />
                <condition number="566" type="jump" coverage="50%" />
              </conditions>
            </line>
            <line number="133" hits="0" branch="False" />
            <line number="134" hits="0" branch="False" />
            <line number="137" hits="78" branch="True" condition-coverage="100% (6/6)">
              <conditions>
                <condition number="603" type="jump" coverage="100%" />
                <condition number="621" type="jump" coverage="100%" />
                <condition number="649" type="jump" coverage="100%" />
              </conditions>
            </line>
            <line number="138" hits="78" branch="False" />
            <line number="139" hits="78" branch="False" />
            <line number="140" hits="3" branch="False" />
            <line number="141" hits="3" branch="False" />
            <line number="145" hits="75" branch="True" condition-coverage="75% (3/4)">
              <conditions>
                <condition number="673" type="jump" coverage="50%" />
                <condition number="688" type="jump" coverage="100%" />
              </conditions>
            </line>
            <line number="146" hits="1" branch="False" />
            <line number="147" hits="1" branch="False" />
            <line number="149" hits="74" branch="True" condition-coverage="75% (3/4)">
              <conditions>
                <condition number="776" type="jump" coverage="50%" />
                <condition number="791" type="jump" coverage="100%" />
              </conditions>
            </line>
            <line number="150" hits="1" branch="False" />
            <line number="151" hits="1" branch="False" />
            <line number="153" hits="73" branch="True" condition-coverage="75% (3/4)">
              <conditions>
                <condition number="879" type="jump" coverage="50%" />
                <condition number="894" type="jump" coverage="100%" />
              </conditions>
            </line>
            <line number="154" hits="1" branch="False" />
            <line number="155" hits="1" branch="False" />
            <line number="158" hits="72" branch="False" />
            <line number="160" hits="72" branch="False" />
            <line number="162" hits="72" branch="False" />
            <line number="163" hits="72" branch="False" />
            <line number="164" hits="72" branch="False" />
            <line number="165" hits="72" branch="False" />
            <line number="166" hits="72" branch="False" />
            <line number="167" hits="72" branch="False" />
            <line number="168" hits="72" branch="False" />
            <line number="169" hits="72" branch="False" />
            <line number="170" hits="72" branch="False" />
            <line number="171" hits="72" branch="False" />
            <line number="172" hits="72" branch="False" />
            <line number="173" hits="72" branch="False" />
            <line number="174" hits="72" branch="False" />
            <line number="177" hits="662" branch="False" />
            <line number="178" hits="662" branch="True" condition-coverage="50% (1/2)">
              <conditions>
                <condition number="9" type="jump" coverage="50%" />
              </conditions>
            </line>
            <line number="179" hits="0" branch="False" />
            <line number="180" hits="662" branch="True" condition-coverage="75% (3/4)">
              <conditions>
                <condition number="21" type="jump" coverage="50%" />
                <condition number="40" type="jump" coverage="100%" />
              </conditions>
            </line>
            <line number="181" hits="1" branch="False" />
            <line number="182" hits="661" branch="True" condition-coverage="50% (1/2)">
              <conditions>
                <condition number="58" type="jump" coverage="50%" />
              </conditions>
            </line>
            <line number="183" hits="0" branch="False" />
            <line number="185" hits="661" branch="False" />
            <line number="186" hits="661" branch="False" />
            <line number="187" hits="661" branch="True" condition-coverage="50% (1/2)">
              <conditions>
                <condition number="101" type="jump" coverage="50%" />
              </conditions>
            </line>
            <line number="188" hits="0" branch="False" />
            <line number="189" hits="661" branch="False" />
            <line number="190" hits="662" branch="False" />
          </lines>
        </class>
        <class name="Challenge.Services.CnabParser/ParseError" filename="Services/CnabParser.cs" line-rate="1" branch-rate="1" complexity="1">
          <methods>
            <method name=".ctor" signature="(System.String)" line-rate="1" branch-rate="1" complexity="1">
              <lines>
                <line number="9" hits="72" branch="False" />
              </lines>
            </method>
          </methods>
          <lines>
            <line number="9" hits="72" branch="False" />
          </lines>
        </class>
        <class name="Challenge.Models.ErrorViewModel" filename="Models/ErrorViewModel.cs" line-rate="1" branch-rate="1" complexity="1">
          <methods>
            <method name="get_ShowRequestId" signature="()" line-rate="1" branch-rate="1" complexity="1">
              <lines>
                <line number="7" hits="3" branch="False" />
              </lines>
            </method>
          </methods>
          <lines>
            <line number="7" hits="3" branch="False" />
          </lines>
        </class>
        <class name="Challenge.Models.Store" filename="Models/Store.cs" line-rate="1" branch-rate="1" complexity="1">
          <methods>
            <method name="get_Balance" signature="()" line-rate="1" branch-rate="1" complexity="1">
              <lines>
                <line number="25" hits="6" branch="False" />
                <line number="26" hits="6" branch="False" />
                <line number="27" hits="6" branch="False" />
              </lines>
            </method>
          </methods>
          <lines>
            <line number="25" hits="6" branch="False" />
            <line number="26" hits="6" branch="False" />
            <line number="27" hits="6" branch="False" />
          </lines>
        </class>
        <class name="Challenge.Models.Transaction" filename="Models/Transaction.cs" line-rate="1" branch-rate="0.8332999999999999" complexity="8">
          <methods>
            <method name="get_IsEntrada" signature="()" line-rate="1" branch-rate="0.5" complexity="2">
              <lines>
                <line number="60" hits="56" branch="True" condition-coverage="50% (1/2)">
                  <conditions>
                    <condition number="16" type="jump" coverage="50%" />
                  </conditions>
                </line>
              </lines>
            </method>
            <method name="get_IsSaida" signature="()" line-rate="1" branch-rate="1" complexity="1">
              <lines>
                <line number="61" hits="20" branch="False" />
              </lines>
            </method>
            <method name="get_TypeDescription" signature="()" line-rate="1" branch-rate="1" complexity="2">
              <lines>
                <line number="62" hits="10" branch="True" condition-coverage="100% (2/2)">
                  <conditions>
                    <condition number="16" type="jump" coverage="100%" />
                  </conditions>
                </line>
              </lines>
            </method>
            <method name="get_Signal" signature="()" line-rate="1" branch-rate="1" complexity="2">
              <lines>
                <line number="63" hits="10" branch="True" condition-coverage="100% (2/2)">
                  <conditions>
                    <condition number="16" type="jump" coverage="100%" />
                  </conditions>
                </line>
              </lines>
            </method>
            <method name=".cctor" signature="()" line-rate="1" branch-rate="1" complexity="1">
              <lines>
                <line number="47" hits="1" branch="False" />
                <line number="48" hits="1" branch="False" />
                <line number="49" hits="1" branch="False" />
                <line number="50" hits="1" branch="False" />
                <line number="51" hits="1" branch="False" />
                <line number="52" hits="1" branch="False" />
                <line number="53" hits="1" branch="False" />
                <line number="54" hits="1" branch="False" />
                <line number="55" hits="1" branch="False" />
                <line number="56" hits="1" branch="False" />
                <line number="57" hits="1" branch="False" />
                <line number="58" hits="1" branch="False" />
              </lines>
            </method>
          </methods>
          <lines>
            <line number="60" hits="56" branch="True" condition-coverage="50% (1/2)">
              <conditions>
                <condition number="16" type="jump" coverage="50%" />
              </conditions>
            </line>
            <line number="61" hits="20" branch="False" />
            <line number="62" hits="10" branch="True" condition-coverage="100% (2/2)">
              <conditions>
                <condition number="16" type="jump" coverage="100%" />
              </conditions>
            </line>
            <line number="63" hits="10" branch="True" condition-coverage="100% (2/2)">
              <conditions>
                <condition number="16" type="jump" coverage="100%" />
              </conditions>
            </line>
            <line number="47" hits="1" branch="False" />
            <line number="48" hits="1" branch="False" />
            <line number="49" hits="1" branch="False" />
            <line number="50" hits="1" branch="False" />
            <line number="51" hits="1" branch="False" />
            <line number="52" hits="1" branch="False" />
            <line number="53" hits="1" branch="False" />
            <line number="54" hits="1" branch="False" />
            <line number="55" hits="1" branch="False" />
            <line number="56" hits="1" branch="False" />
            <line number="57" hits="1" branch="False" />
            <line number="58" hits="1" branch="False" />
          </lines>
        </class>
        <class name="Challenge.Data.ApplicationDbContext" filename="Data/ApplicationDbContext.cs" line-rate="1" branch-rate="1" complexity="2">
          <methods>
            <method name="OnModelCreating" signature="(Microsoft.EntityFrameworkCore.ModelBuilder)" line-rate="1" branch-rate="1" complexity="1">
              <lines>
                <line number="17" hits="3" branch="False" />
                <line number="18" hits="3" branch="False" />
                <line number="20" hits="3" branch="False" />
                <line number="21" hits="3" branch="False" />
                <line number="22" hits="3" branch="False" />
                <line number="23" hits="3" branch="False" />
                <line number="24" hits="3" branch="False" />
                <line number="25" hits="3" branch="False" />
                <line number="26" hits="3" branch="False" />
                <line number="28" hits="3" branch="False" />
                <line number="29" hits="3" branch="False" />
                <line number="30" hits="3" branch="False" />
                <line number="31" hits="3" branch="False" />
                <line number="32" hits="3" branch="False" />
                <line number="33" hits="3" branch="False" />
                <line number="34" hits="3" branch="False" />
                <line number="35" hits="3" branch="False" />
                <line number="36" hits="3" branch="False" />
                <line number="37" hits="3" branch="False" />
                <line number="38" hits="3" branch="False" />
                <line number="39" hits="3" branch="False" />
                <line number="40" hits="3" branch="False" />
                <line number="41" hits="3" branch="False" />
                <line number="42" hits="3" branch="False" />
                <line number="43" hits="3" branch="False" />
                <line number="44" hits="3" branch="False" />
                <line number="45" hits="3" branch="False" />
                <line number="46" hits="3" branch="False" />
                <line number="47" hits="3" branch="False" />
                <line number="48" hits="3" branch="False" />
                <line number="49" hits="3" branch="False" />
                <line number="50" hits="3" branch="False" />
                <line number="51" hits="3" branch="False" />
                <line number="52" hits="3" branch="False" />
                <line number="53" hits="3" branch="False" />
                <line number="54" hits="3" branch="False" />
                <line number="55" hits="3" branch="False" />
                <line number="56" hits="3" branch="False" />
                <line number="57" hits="3" branch="False" />
                <line number="58" hits="3" branch="False" />
                <line number="59" hits="3" branch="False" />
                <line number="60" hits="3" branch="False" />
              </lines>
            </method>
            <method name=".ctor" signature="(Microsoft.EntityFrameworkCore.DbContextOptions`1&lt;Challenge.Data.ApplicationDbContext&gt;)" line-rate="1" branch-rate="1" complexity="1">
              <lines>
                <line number="9" hits="49" branch="False" />
                <line number="10" hits="49" branch="False" />
                <line number="11" hits="49" branch="False" />
              </lines>
            </method>
          </methods>
          <lines>
            <line number="17" hits="3" branch="False" />
            <line number="18" hits="3" branch="False" />
            <line number="20" hits="3" branch="False" />
            <line number="21" hits="3" branch="False" />
            <line number="22" hits="3" branch="False" />
            <line number="23" hits="3" branch="False" />
            <line number="24" hits="3" branch="False" />
            <line number="25" hits="3" branch="False" />
            <line number="26" hits="3" branch="False" />
            <line number="28" hits="3" branch="False" />
            <line number="29" hits="3" branch="False" />
            <line number="30" hits="3" branch="False" />
            <line number="31" hits="3" branch="False" />
            <line number="32" hits="3" branch="False" />
            <line number="33" hits="3" branch="False" />
            <line number="34" hits="3" branch="False" />
            <line number="35" hits="3" branch="False" />
            <line number="36" hits="3" branch="False" />
            <line number="37" hits="3" branch="False" />
            <line number="38" hits="3" branch="False" />
            <line number="39" hits="3" branch="False" />
            <line number="40" hits="3" branch="False" />
            <line number="41" hits="3" branch="False" />
            <line number="42" hits="3" branch="False" />
            <line number="43" hits="3" branch="False" />
            <line number="44" hits="3" branch="False" />
            <line number="45" hits="3" branch="False" />
            <line number="46" hits="3" branch="False" />
            <line number="47" hits="3" branch="False" />
            <line number="48" hits="3" branch="False" />
            <line number="49" hits="3" branch="False" />
            <line number="50" hits="3" branch="False" />
            <line number="51" hits="3" branch="False" />
            <line number="52" hits="3" branch="False" />
            <line number="53" hits="3" branch="False" />
            <line number="54" hits="3" branch="False" />
            <line number="55" hits="3" branch="False" />
            <line number="56" hits="3" branch="False" />
            <line number="57" hits="3" branch="False" />
            <line number="58" hits="3" branch="False" />
            <line number="59" hits="3" branch="False" />
            <line number="60" hits="3" branch="False" />
            <line number="9" hits="49" branch="False" />
            <line number="10" hits="49" branch="False" />
            <line number="11" hits="49" branch="False" />
          </lines>
        </class>
        <class name="Challenge.Controllers.CnabFilesController" filename="Controllers/CnabFilesController.cs" line-rate="1" branch-rate="1" complexity="2">
          <methods>
            <method name="New" signature="()" line-rate="1" branch-rate="1" complexity="1">
              <lines>
                <line number="18" hits="1" branch="False" />
                <line number="19" hits="1" branch="False" />
                <line number="20" hits="1" branch="False" />
              </lines>
            </method>
            <method name=".ctor" signature="(Challenge.Services.CnabImporter,Microsoft.Extensions.Logging.ILogger`1&lt;Challenge.Controllers.CnabFilesController&gt;)" line-rate="1" branch-rate="1" complexity="1">
              <lines>
                <line number="11" hits="13" branch="False" />
                <line number="12" hits="13" branch="False" />
                <line number="13" hits="13" branch="False" />
                <line number="14" hits="13" branch="False" />
                <line number="15" hits="13" branch="False" />
              </lines>
            </method>
          </methods>
          <lines>
            <line number="18" hits="1" branch="False" />
            <line number="19" hits="1" branch="False" />
            <line number="20" hits="1" branch="False" />
            <line number="11" hits="13" branch="False" />
            <line number="12" hits="13" branch="False" />
            <line number="13" hits="13" branch="False" />
            <line number="14" hits="13" branch="False" />
            <line number="15" hits="13" branch="False" />
          </lines>
        </class>
        <class name="Challenge.Controllers.ConfigurationController" filename="Controllers/ConfigurationController.cs" line-rate="0.4705" branch-rate="0" complexity="10">
          <methods>
            <method name="Index" signature="()" line-rate="1" branch-rate="1" complexity="1">
              <lines>
                <line number="19" hits="1" branch="False" />
                <line number="20" hits="1" branch="False" />
                <line number="21" hits="1" branch="False" />
              </lines>
            </method>
            <method name="IsValidSequenceName" signature="(System.String)" line-rate="0" branch-rate="0" complexity="8">
              <lines>
                <line number="105" hits="0" branch="False" />
                <line number="106" hits="0" branch="True" condition-coverage="0% (0/2)">
                  <conditions>
                    <condition number="9" type="jump" coverage="0%" />
                  </conditions>
                </line>
                <line number="107" hits="0" branch="False" />
                <line number="114" hits="0" branch="False" />
                <line number="115" hits="0" branch="True" condition-coverage="0% (0/6)">
                  <conditions>
                    <condition number="33" type="jump" coverage="0%" />
                    <condition number="43" type="jump" coverage="0%" />
                    <condition number="56" type="jump" coverage="0%" />
                  </conditions>
                </line>
                <line number="116" hits="0" branch="False" />
                <line number="117" hits="0" branch="False" />
                <line number="118" hits="0" branch="False" />
                <line number="119" hits="0" branch="False" />
              </lines>
            </method>
            <method name=".ctor" signature="(Challenge.Data.ApplicationDbContext,Microsoft.Extensions.Logging.ILogger`1&lt;Challenge.Controllers.ConfigurationController&gt;)" line-rate="1" branch-rate="1" complexity="1">
              <lines>
                <line number="12" hits="6" branch="False" />
                <line number="13" hits="6" branch="False" />
                <line number="14" hits="6" branch="False" />
                <line number="15" hits="6" branch="False" />
                <line number="16" hits="6" branch="False" />
              </lines>
            </method>
          </methods>
          <lines>
            <line number="19" hits="1" branch="False" />
            <line number="20" hits="1" branch="False" />
            <line number="21" hits="1" branch="False" />
            <line number="105" hits="0" branch="False" />
            <line number="106" hits="0" branch="True" condition-coverage="0% (0/2)">
              <conditions>
                <condition number="9" type="jump" coverage="0%" />
              </conditions>
            </line>
            <line number="107" hits="0" branch="False" />
            <line number="114" hits="0" branch="False" />
            <line number="115" hits="0" branch="True" condition-coverage="0% (0/6)">
              <conditions>
                <condition number="33" type="jump" coverage="0%" />
                <condition number="43" type="jump" coverage="0%" />
                <condition number="56" type="jump" coverage="0%" />
              </conditions>
            </line>
            <line number="116" hits="0" branch="False" />
            <line number="117" hits="0" branch="False" />
            <line number="118" hits="0" branch="False" />
            <line number="119" hits="0" branch="False" />
            <line number="12" hits="6" branch="False" />
            <line number="13" hits="6" branch="False" />
            <line number="14" hits="6" branch="False" />
            <line number="15" hits="6" branch="False" />
            <line number="16" hits="6" branch="False" />
          </lines>
        </class>
        <class name="Challenge.Controllers.HomeController" filename="Controllers/HomeController.cs" line-rate="1" branch-rate="0.75" complexity="6">
          <methods>
            <method name="Index" signature="()" line-rate="1" branch-rate="1" complexity="1">
              <lines>
                <line number="10" hits="1" branch="False" />
                <line number="11" hits="1" branch="False" />
                <line number="12" hits="1" branch="False" />
              </lines>
            </method>
            <method name="Privacy" signature="()" line-rate="1" branch-rate="1" complexity="1">
              <lines>
                <line number="15" hits="1" branch="False" />
                <line number="16" hits="1" branch="False" />
                <line number="17" hits="1" branch="False" />
              </lines>
            </method>
            <method name="Error" signature="()" line-rate="1" branch-rate="0.75" complexity="4">
              <lines>
                <line number="21" hits="1" branch="False" />
                <line number="22" hits="1" branch="True" condition-coverage="75% (3/4)">
                  <conditions>
                    <condition number="14" type="jump" coverage="50%" />
                    <condition number="26" type="jump" coverage="100%" />
                  </conditions>
                </line>
                <line number="23" hits="1" branch="False" />
              </lines>
            </method>
          </methods>
          <lines>
            <line number="10" hits="1" branch="False" />
            <line number="11" hits="1" branch="False" />
            <line number="12" hits="1" branch="False" />
            <line number="15" hits="1" branch="False" />
            <line number="16" hits="1" branch="False" />
            <line number="17" hits="1" branch="False" />
            <line number="21" hits="1" branch="False" />
            <line number="22" hits="1" branch="True" condition-coverage="75% (3/4)">
              <conditions>
                <condition number="14" type="jump" coverage="50%" />
                <condition number="26" type="jump" coverage="100%" />
              </conditions>
            </line>
            <line number="23" hits="1" branch="False" />
          </lines>
        </class>
        <class name="Challenge.Controllers.StoresController" filename="Controllers/StoresController.cs" line-rate="1" branch-rate="1" complexity="1">
          <methods>
            <method name=".ctor" signature="(Challenge.Data.ApplicationDbContext,Microsoft.Extensions.Logging.ILogger`1&lt;Challenge.Controllers.StoresController&gt;)" line-rate="1" branch-rate="1" complexity="1">
              <lines>
                <line number="12" hits="4" branch="False" />
                <line number="13" hits="4" branch="False" />
                <line number="14" hits="4" branch="False" />
                <line number="15" hits="4" branch="False" />
                <line number="16" hits="4" branch="False" />
              </lines>
            </method>
          </methods>
          <lines>
            <line number="12" hits="4" branch="False" />
            <line number="13" hits="4" branch="False" />
            <line number="14" hits="4" branch="False" />
            <line number="15" hits="4" branch="False" />
            <line number="16" hits="4" branch="False" />
          </lines>
        </class>
      </classes>
    </package>
  </packages>
</coverage>